[debug] [2021-12-07T01:49:59.892Z] ----------------------------------------------------------------------
[debug] [2021-12-07T01:49:59.893Z] Command:       /Users/gwyniver.rhy/.nvm/versions/node/v16.13.0/bin/node /opt/homebrew/bin/firebase emulators:start
[debug] [2021-12-07T01:49:59.893Z] CLI Version:   9.23.0
[debug] [2021-12-07T01:49:59.894Z] Platform:      darwin
[debug] [2021-12-07T01:49:59.894Z] Node Version:  v16.13.0
[debug] [2021-12-07T01:49:59.897Z] Time:          Mon Dec 06 2021 19:49:59 GMT-0600 (Central Standard Time)
[debug] [2021-12-07T01:49:59.897Z] ----------------------------------------------------------------------
[debug] 
[debug] [2021-12-07T01:49:59.923Z] > command requires scopes: ["email","openid","https://www.googleapis.com/auth/cloudplatformprojects.readonly","https://www.googleapis.com/auth/firebase","https://www.googleapis.com/auth/cloud-platform"]
[debug] [2021-12-07T01:49:59.923Z] > authorizing via signed-in user (gwyniver.rhy@gmail.com)
[info] i  emulators: Starting emulators: functions {"metadata":{"emulator":{"name":"hub"},"message":"Starting emulators: functions"}}
[debug] [2021-12-07T01:49:59.932Z] [hub] writing locator at /var/folders/9h/lh6glrzd6694zjg6wjpdb5fh0000gn/T/hub-fn-21872021.json
[warn] ⚠  functions: The following emulators are not running, calls to these services from the Functions emulator will affect production: auth, firestore, database, hosting, pubsub, storage {"metadata":{"emulator":{"name":"functions"},"message":"The following emulators are not running, calls to these services from the Functions emulator will affect production: \u001b[1mauth, firestore, database, hosting, pubsub, storage\u001b[22m"}}
[warn] ⚠  Your requested "node" version "14" doesn't match your global version "16" {"metadata":{"emulator":{"name":"functions"},"message":"Your requested \"node\" version \"14\" doesn't match your global version \"16\""}}
[debug] [2021-12-07T01:49:59.996Z] defaultcredentials: writing to file /Users/gwyniver.rhy/.config/firebase/gwyniver_rhy_gmail.com_application_default_credentials.json
[debug] [2021-12-07T01:49:59.997Z] Setting GAC to /Users/gwyniver.rhy/.config/firebase/gwyniver_rhy_gmail.com_application_default_credentials.json {"metadata":{"emulator":{"name":"functions"},"message":"Setting GAC to /Users/gwyniver.rhy/.config/firebase/gwyniver_rhy_gmail.com_application_default_credentials.json"}}
[debug] [2021-12-07T01:49:59.998Z] >>> [apiv2][query] GET https://firebase.googleapis.com/v1beta1/projects/fn-21872021/adminSdkConfig [none]
[debug] [2021-12-07T01:50:00.523Z] <<< [apiv2][status] GET https://firebase.googleapis.com/v1beta1/projects/fn-21872021/adminSdkConfig 200
[debug] [2021-12-07T01:50:00.524Z] <<< [apiv2][body] GET https://firebase.googleapis.com/v1beta1/projects/fn-21872021/adminSdkConfig {"projectId":"fn-21872021","storageBucket":"fn-21872021.appspot.com"}
[debug] [2021-12-07T01:50:00.559Z] Ignoring unsupported arg: auto_download {"metadata":{"emulator":{"name":"ui"},"message":"Ignoring unsupported arg: auto_download"}}
[debug] [2021-12-07T01:50:00.559Z] Ignoring unsupported arg: port {"metadata":{"emulator":{"name":"ui"},"message":"Ignoring unsupported arg: port"}}
[debug] [2021-12-07T01:50:00.559Z] Starting Emulator UI with command {"binary":"node","args":["/Users/gwyniver.rhy/.cache/firebase/emulators/ui-v1.6.4/server.bundle.js"],"optionalArgs":[],"joinArgs":false} {"metadata":{"emulator":{"name":"ui"},"message":"Starting Emulator UI with command {\"binary\":\"node\",\"args\":[\"/Users/gwyniver.rhy/.cache/firebase/emulators/ui-v1.6.4/server.bundle.js\"],\"optionalArgs\":[],\"joinArgs\":false}"}}
[info] i  ui: Emulator UI logging to ui-debug.log {"metadata":{"emulator":{"name":"ui"},"message":"Emulator UI logging to \u001b[1mui-debug.log\u001b[22m"}}
[debug] [2021-12-07T01:50:00.643Z] Web / API server started at localhost:4000
 {"metadata":{"emulator":{"name":"ui"},"message":"Web / API server started at localhost:4000\n"}}
[info] i  functions: Watching "/Users/gwyniver.rhy/Development/code/React/bd-1-news/functions" for Cloud Functions... {"metadata":{"emulator":{"name":"functions"},"message":"Watching \"/Users/gwyniver.rhy/Development/code/React/bd-1-news/functions\" for Cloud Functions..."}}
[debug] [2021-12-07T01:50:00.834Z] [worker-pool] addWorker(~diagnostic~) {"metadata":{"emulator":{"name":"functions"},"message":"[worker-pool] addWorker(~diagnostic~)"}}
[debug] [2021-12-07T01:50:00.835Z] [worker-pool] Adding worker with key ~diagnostic~, total=1 {"metadata":{"emulator":{"name":"functions"},"message":"[worker-pool] Adding worker with key ~diagnostic~, total=1"}}
[debug] [2021-12-07T01:50:00.835Z] [worker-pool] submitWork(triggerId=) {"metadata":{"emulator":{"name":"functions"},"message":"[worker-pool] submitWork(triggerId=)"}}
[debug] [2021-12-07T01:50:00.835Z] [worker-~diagnostic~-a41807af-3dd6-4c19-a703-6b1393d64016]: Assigning socketPath: /var/folders/9h/lh6glrzd6694zjg6wjpdb5fh0000gn/T/fire_emu_70089.sock {"metadata":{"emulator":{"name":"functions"},"message":"[worker-~diagnostic~-a41807af-3dd6-4c19-a703-6b1393d64016]: Assigning socketPath: /var/folders/9h/lh6glrzd6694zjg6wjpdb5fh0000gn/T/fire_emu_70089.sock"}}
[debug] [2021-12-07T01:50:00.836Z] [worker-~diagnostic~-a41807af-3dd6-4c19-a703-6b1393d64016]: BUSY {"metadata":{"emulator":{"name":"functions"},"message":"[worker-~diagnostic~-a41807af-3dd6-4c19-a703-6b1393d64016]: BUSY"}}
[debug] [2021-12-07T01:50:00.931Z] [runtime-status] [70089] Functions runtime initialized. {"cwd":"/Users/gwyniver.rhy/Development/code/React/bd-1-news/functions","node_version":"16.13.0"} {"metadata":{"emulator":{"name":"functions"},"message":"[runtime-status] [70089] Functions runtime initialized. {\"cwd\":\"/Users/gwyniver.rhy/Development/code/React/bd-1-news/functions\",\"node_version\":\"16.13.0\"}"}}
[debug] [2021-12-07T01:50:00.931Z] [runtime-status] [70089] Disabled runtime features: undefined {"metadata":{"emulator":{"name":"functions"},"message":"[runtime-status] [70089] Disabled runtime features: undefined"}}
[debug] [2021-12-07T01:50:00.934Z] [runtime-status] [70089] Resolved module firebase-admin {"declared":true,"installed":true,"version":"9.12.0","resolution":"/Users/gwyniver.rhy/Development/code/React/bd-1-news/functions/node_modules/firebase-admin/lib/index.js"} {"metadata":{"emulator":{"name":"functions"},"message":"[runtime-status] [70089] Resolved module firebase-admin {\"declared\":true,\"installed\":true,\"version\":\"9.12.0\",\"resolution\":\"/Users/gwyniver.rhy/Development/code/React/bd-1-news/functions/node_modules/firebase-admin/lib/index.js\"}"}}
[debug] [2021-12-07T01:50:00.936Z] [runtime-status] [70089] Resolved module firebase-functions {"declared":true,"installed":true,"version":"3.16.0","resolution":"/Users/gwyniver.rhy/Development/code/React/bd-1-news/functions/node_modules/firebase-functions/lib/index.js"} {"metadata":{"emulator":{"name":"functions"},"message":"[runtime-status] [70089] Resolved module firebase-functions {\"declared\":true,\"installed\":true,\"version\":\"3.16.0\",\"resolution\":\"/Users/gwyniver.rhy/Development/code/React/bd-1-news/functions/node_modules/firebase-functions/lib/index.js\"}"}}
[debug] [2021-12-07T01:50:00.937Z] [runtime-status] [70089] Outgoing network have been stubbed. [{"name":"http","status":"mocked"},{"name":"http","status":"mocked"},{"name":"https","status":"mocked"},{"name":"https","status":"mocked"},{"name":"net","status":"mocked"}] {"metadata":{"emulator":{"name":"functions"},"message":"[runtime-status] [70089] Outgoing network have been stubbed. [{\"name\":\"http\",\"status\":\"mocked\"},{\"name\":\"http\",\"status\":\"mocked\"},{\"name\":\"https\",\"status\":\"mocked\"},{\"name\":\"https\",\"status\":\"mocked\"},{\"name\":\"net\",\"status\":\"mocked\"}]"}}
[debug] [2021-12-07T01:50:00.937Z] [runtime-status] [70089] Resolved module firebase-functions {"declared":true,"installed":true,"version":"3.16.0","resolution":"/Users/gwyniver.rhy/Development/code/React/bd-1-news/functions/node_modules/firebase-functions/lib/index.js"} {"metadata":{"emulator":{"name":"functions"},"message":"[runtime-status] [70089] Resolved module firebase-functions {\"declared\":true,\"installed\":true,\"version\":\"3.16.0\",\"resolution\":\"/Users/gwyniver.rhy/Development/code/React/bd-1-news/functions/node_modules/firebase-functions/lib/index.js\"}"}}
[debug] [2021-12-07T01:50:00.966Z] [runtime-status] [70089] Checked functions.config() {"config":{}} {"metadata":{"emulator":{"name":"functions"},"message":"[runtime-status] [70089] Checked functions.config() {\"config\":{}}"}}
[debug] [2021-12-07T01:50:00.966Z] [runtime-status] [70089] firebase-functions has been stubbed. {"functionsResolution":{"declared":true,"installed":true,"version":"3.16.0","resolution":"/Users/gwyniver.rhy/Development/code/React/bd-1-news/functions/node_modules/firebase-functions/lib/index.js"}} {"metadata":{"emulator":{"name":"functions"},"message":"[runtime-status] [70089] firebase-functions has been stubbed. {\"functionsResolution\":{\"declared\":true,\"installed\":true,\"version\":\"3.16.0\",\"resolution\":\"/Users/gwyniver.rhy/Development/code/React/bd-1-news/functions/node_modules/firebase-functions/lib/index.js\"}}"}}
[debug] [2021-12-07T01:50:00.966Z] [runtime-status] [70089] Resolved module firebase-functions {"declared":true,"installed":true,"version":"3.16.0","resolution":"/Users/gwyniver.rhy/Development/code/React/bd-1-news/functions/node_modules/firebase-functions/lib/index.js"} {"metadata":{"emulator":{"name":"functions"},"message":"[runtime-status] [70089] Resolved module firebase-functions {\"declared\":true,\"installed\":true,\"version\":\"3.16.0\",\"resolution\":\"/Users/gwyniver.rhy/Development/code/React/bd-1-news/functions/node_modules/firebase-functions/lib/index.js\"}"}}
[debug] [2021-12-07T01:50:00.966Z] [runtime-status] [70089] Resolved module firebase-admin {"declared":true,"installed":true,"version":"9.12.0","resolution":"/Users/gwyniver.rhy/Development/code/React/bd-1-news/functions/node_modules/firebase-admin/lib/index.js"} {"metadata":{"emulator":{"name":"functions"},"message":"[runtime-status] [70089] Resolved module firebase-admin {\"declared\":true,\"installed\":true,\"version\":\"9.12.0\",\"resolution\":\"/Users/gwyniver.rhy/Development/code/React/bd-1-news/functions/node_modules/firebase-admin/lib/index.js\"}"}}
[debug] [2021-12-07T01:50:00.967Z] [runtime-status] [70089] Resolved module firebase-functions {"declared":true,"installed":true,"version":"3.16.0","resolution":"/Users/gwyniver.rhy/Development/code/React/bd-1-news/functions/node_modules/firebase-functions/lib/index.js"} {"metadata":{"emulator":{"name":"functions"},"message":"[runtime-status] [70089] Resolved module firebase-functions {\"declared\":true,\"installed\":true,\"version\":\"3.16.0\",\"resolution\":\"/Users/gwyniver.rhy/Development/code/React/bd-1-news/functions/node_modules/firebase-functions/lib/index.js\"}"}}
[debug] [2021-12-07T01:50:00.967Z] [runtime-status] [70089] firebase-admin has been stubbed. {"adminResolution":{"declared":true,"installed":true,"version":"9.12.0","resolution":"/Users/gwyniver.rhy/Development/code/React/bd-1-news/functions/node_modules/firebase-admin/lib/index.js"}} {"metadata":{"emulator":{"name":"functions"},"message":"[runtime-status] [70089] firebase-admin has been stubbed. {\"adminResolution\":{\"declared\":true,\"installed\":true,\"version\":\"9.12.0\",\"resolution\":\"/Users/gwyniver.rhy/Development/code/React/bd-1-news/functions/node_modules/firebase-admin/lib/index.js\"}}"}}
[info] 
┌─────────────────────────────────────────────────────────────┐
│ ✔  All emulators ready! It is now safe to connect your app. │
│ i  View Emulator UI at http://localhost:4000                │
└─────────────────────────────────────────────────────────────┘

┌───────────┬────────────────┬─────────────────────────────────┐
│ Emulator  │ Host:Port      │ View in Emulator UI             │
├───────────┼────────────────┼─────────────────────────────────┤
│ Functions │ localhost:5001 │ http://localhost:4000/functions │
└───────────┴────────────────┴─────────────────────────────────┘
  Emulator Hub running at localhost:4400
  Other reserved ports: 4500

Issues? Report them at https://github.com/firebase/firebase-tools/issues and attach the *-debug.log files.
 
[debug] [2021-12-07T01:50:01.449Z] [worker-~diagnostic~-a41807af-3dd6-4c19-a703-6b1393d64016]: IDLE {"metadata":{"emulator":{"name":"functions"},"message":"[worker-~diagnostic~-a41807af-3dd6-4c19-a703-6b1393d64016]: IDLE"}}
[debug] [2021-12-07T02:46:23.221Z] File /Users/gwyniver.rhy/Development/code/React/bd-1-news/functions/index.js changed, reloading triggers {"metadata":{"emulator":{"name":"functions"},"message":"File /Users/gwyniver.rhy/Development/code/React/bd-1-news/functions/index.js changed, reloading triggers"}}
[debug] [2021-12-07T02:46:24.239Z] [worker-pool] Shutting down IDLE worker (~diagnostic~) {"metadata":{"emulator":{"name":"functions"},"message":"[worker-pool] Shutting down IDLE worker (~diagnostic~)"}}
[debug] [2021-12-07T02:46:24.240Z] [worker-~diagnostic~-a41807af-3dd6-4c19-a703-6b1393d64016]: FINISHING {"metadata":{"emulator":{"name":"functions"},"message":"[worker-~diagnostic~-a41807af-3dd6-4c19-a703-6b1393d64016]: FINISHING"}}
[debug] [2021-12-07T02:46:24.284Z] [worker-pool] addWorker(~diagnostic~) {"metadata":{"emulator":{"name":"functions"},"message":"[worker-pool] addWorker(~diagnostic~)"}}
[debug] [2021-12-07T02:46:24.284Z] [worker-pool] Adding worker with key ~diagnostic~, total=2 {"metadata":{"emulator":{"name":"functions"},"message":"[worker-pool] Adding worker with key ~diagnostic~, total=2"}}
[debug] [2021-12-07T02:46:24.284Z] [worker-pool] submitWork(triggerId=) {"metadata":{"emulator":{"name":"functions"},"message":"[worker-pool] submitWork(triggerId=)"}}
[debug] [2021-12-07T02:46:24.285Z] [worker-~diagnostic~-a0abe915-b136-457a-9723-c74914389233]: Assigning socketPath: /var/folders/9h/lh6glrzd6694zjg6wjpdb5fh0000gn/T/fire_emu_71097.sock {"metadata":{"emulator":{"name":"functions"},"message":"[worker-~diagnostic~-a0abe915-b136-457a-9723-c74914389233]: Assigning socketPath: /var/folders/9h/lh6glrzd6694zjg6wjpdb5fh0000gn/T/fire_emu_71097.sock"}}
[debug] [2021-12-07T02:46:24.285Z] [worker-~diagnostic~-a0abe915-b136-457a-9723-c74914389233]: BUSY {"metadata":{"emulator":{"name":"functions"},"message":"[worker-~diagnostic~-a0abe915-b136-457a-9723-c74914389233]: BUSY"}}
[debug] [2021-12-07T02:46:24.289Z] [worker-~diagnostic~-a41807af-3dd6-4c19-a703-6b1393d64016]: exited {"metadata":{"emulator":{"name":"functions"},"message":"[worker-~diagnostic~-a41807af-3dd6-4c19-a703-6b1393d64016]: exited"}}
[debug] [2021-12-07T02:46:24.289Z] [worker-~diagnostic~-a41807af-3dd6-4c19-a703-6b1393d64016]: FINISHED {"metadata":{"emulator":{"name":"functions"},"message":"[worker-~diagnostic~-a41807af-3dd6-4c19-a703-6b1393d64016]: FINISHED"}}
[debug] [2021-12-07T02:46:24.458Z] [runtime-status] [71097] Functions runtime initialized. {"cwd":"/Users/gwyniver.rhy/Development/code/React/bd-1-news/functions","node_version":"16.13.0"} {"metadata":{"emulator":{"name":"functions"},"message":"[runtime-status] [71097] Functions runtime initialized. {\"cwd\":\"/Users/gwyniver.rhy/Development/code/React/bd-1-news/functions\",\"node_version\":\"16.13.0\"}"}}
[debug] [2021-12-07T02:46:24.458Z] [runtime-status] [71097] Disabled runtime features: undefined {"metadata":{"emulator":{"name":"functions"},"message":"[runtime-status] [71097] Disabled runtime features: undefined"}}
[debug] [2021-12-07T02:46:24.461Z] [runtime-status] [71097] Resolved module firebase-admin {"declared":true,"installed":true,"version":"9.12.0","resolution":"/Users/gwyniver.rhy/Development/code/React/bd-1-news/functions/node_modules/firebase-admin/lib/index.js"} {"metadata":{"emulator":{"name":"functions"},"message":"[runtime-status] [71097] Resolved module firebase-admin {\"declared\":true,\"installed\":true,\"version\":\"9.12.0\",\"resolution\":\"/Users/gwyniver.rhy/Development/code/React/bd-1-news/functions/node_modules/firebase-admin/lib/index.js\"}"}}
[debug] [2021-12-07T02:46:24.463Z] [runtime-status] [71097] Resolved module firebase-functions {"declared":true,"installed":true,"version":"3.16.0","resolution":"/Users/gwyniver.rhy/Development/code/React/bd-1-news/functions/node_modules/firebase-functions/lib/index.js"} {"metadata":{"emulator":{"name":"functions"},"message":"[runtime-status] [71097] Resolved module firebase-functions {\"declared\":true,\"installed\":true,\"version\":\"3.16.0\",\"resolution\":\"/Users/gwyniver.rhy/Development/code/React/bd-1-news/functions/node_modules/firebase-functions/lib/index.js\"}"}}
[debug] [2021-12-07T02:46:24.464Z] [runtime-status] [71097] Outgoing network have been stubbed. [{"name":"http","status":"mocked"},{"name":"http","status":"mocked"},{"name":"https","status":"mocked"},{"name":"https","status":"mocked"},{"name":"net","status":"mocked"}] {"metadata":{"emulator":{"name":"functions"},"message":"[runtime-status] [71097] Outgoing network have been stubbed. [{\"name\":\"http\",\"status\":\"mocked\"},{\"name\":\"http\",\"status\":\"mocked\"},{\"name\":\"https\",\"status\":\"mocked\"},{\"name\":\"https\",\"status\":\"mocked\"},{\"name\":\"net\",\"status\":\"mocked\"}]"}}
[debug] [2021-12-07T02:46:24.465Z] [runtime-status] [71097] Resolved module firebase-functions {"declared":true,"installed":true,"version":"3.16.0","resolution":"/Users/gwyniver.rhy/Development/code/React/bd-1-news/functions/node_modules/firebase-functions/lib/index.js"} {"metadata":{"emulator":{"name":"functions"},"message":"[runtime-status] [71097] Resolved module firebase-functions {\"declared\":true,\"installed\":true,\"version\":\"3.16.0\",\"resolution\":\"/Users/gwyniver.rhy/Development/code/React/bd-1-news/functions/node_modules/firebase-functions/lib/index.js\"}"}}
[debug] [2021-12-07T02:46:24.500Z] [runtime-status] [71097] Checked functions.config() {"config":{}} {"metadata":{"emulator":{"name":"functions"},"message":"[runtime-status] [71097] Checked functions.config() {\"config\":{}}"}}
[debug] [2021-12-07T02:46:24.500Z] [runtime-status] [71097] firebase-functions has been stubbed. {"functionsResolution":{"declared":true,"installed":true,"version":"3.16.0","resolution":"/Users/gwyniver.rhy/Development/code/React/bd-1-news/functions/node_modules/firebase-functions/lib/index.js"}} {"metadata":{"emulator":{"name":"functions"},"message":"[runtime-status] [71097] firebase-functions has been stubbed. {\"functionsResolution\":{\"declared\":true,\"installed\":true,\"version\":\"3.16.0\",\"resolution\":\"/Users/gwyniver.rhy/Development/code/React/bd-1-news/functions/node_modules/firebase-functions/lib/index.js\"}}"}}
[debug] [2021-12-07T02:46:24.501Z] [runtime-status] [71097] Resolved module firebase-functions {"declared":true,"installed":true,"version":"3.16.0","resolution":"/Users/gwyniver.rhy/Development/code/React/bd-1-news/functions/node_modules/firebase-functions/lib/index.js"} {"metadata":{"emulator":{"name":"functions"},"message":"[runtime-status] [71097] Resolved module firebase-functions {\"declared\":true,\"installed\":true,\"version\":\"3.16.0\",\"resolution\":\"/Users/gwyniver.rhy/Development/code/React/bd-1-news/functions/node_modules/firebase-functions/lib/index.js\"}"}}
[debug] [2021-12-07T02:46:24.501Z] [runtime-status] [71097] Resolved module firebase-admin {"declared":true,"installed":true,"version":"9.12.0","resolution":"/Users/gwyniver.rhy/Development/code/React/bd-1-news/functions/node_modules/firebase-admin/lib/index.js"} {"metadata":{"emulator":{"name":"functions"},"message":"[runtime-status] [71097] Resolved module firebase-admin {\"declared\":true,\"installed\":true,\"version\":\"9.12.0\",\"resolution\":\"/Users/gwyniver.rhy/Development/code/React/bd-1-news/functions/node_modules/firebase-admin/lib/index.js\"}"}}
[debug] [2021-12-07T02:46:24.501Z] [runtime-status] [71097] Resolved module firebase-functions {"declared":true,"installed":true,"version":"3.16.0","resolution":"/Users/gwyniver.rhy/Development/code/React/bd-1-news/functions/node_modules/firebase-functions/lib/index.js"} {"metadata":{"emulator":{"name":"functions"},"message":"[runtime-status] [71097] Resolved module firebase-functions {\"declared\":true,\"installed\":true,\"version\":\"3.16.0\",\"resolution\":\"/Users/gwyniver.rhy/Development/code/React/bd-1-news/functions/node_modules/firebase-functions/lib/index.js\"}"}}
[debug] [2021-12-07T02:46:24.501Z] [runtime-status] [71097] firebase-admin has been stubbed. {"adminResolution":{"declared":true,"installed":true,"version":"9.12.0","resolution":"/Users/gwyniver.rhy/Development/code/React/bd-1-news/functions/node_modules/firebase-admin/lib/index.js"}} {"metadata":{"emulator":{"name":"functions"},"message":"[runtime-status] [71097] firebase-admin has been stubbed. {\"adminResolution\":{\"declared\":true,\"installed\":true,\"version\":\"9.12.0\",\"resolution\":\"/Users/gwyniver.rhy/Development/code/React/bd-1-news/functions/node_modules/firebase-admin/lib/index.js\"}}"}}
[info] ✔  functions[us-central1-scraper]: http function initialized (http://localhost:5001/fn-21872021/us-central1/scraper). {"metadata":{"emulator":{"name":"functions"},"message":"\u001b[1mhttp\u001b[22m function initialized (http://localhost:5001/fn-21872021/us-central1/scraper)."}}
[debug] [2021-12-07T02:46:24.644Z] [worker-~diagnostic~-a0abe915-b136-457a-9723-c74914389233]: IDLE {"metadata":{"emulator":{"name":"functions"},"message":"[worker-~diagnostic~-a0abe915-b136-457a-9723-c74914389233]: IDLE"}}
[debug] [2021-12-07T02:47:50.865Z] File /Users/gwyniver.rhy/Development/code/React/bd-1-news/functions/index.js changed, reloading triggers {"metadata":{"emulator":{"name":"functions"},"message":"File /Users/gwyniver.rhy/Development/code/React/bd-1-news/functions/index.js changed, reloading triggers"}}
[debug] [2021-12-07T02:47:51.868Z] [worker-pool] Shutting down IDLE worker (~diagnostic~) {"metadata":{"emulator":{"name":"functions"},"message":"[worker-pool] Shutting down IDLE worker (~diagnostic~)"}}
[debug] [2021-12-07T02:47:51.868Z] [worker-~diagnostic~-a0abe915-b136-457a-9723-c74914389233]: FINISHING {"metadata":{"emulator":{"name":"functions"},"message":"[worker-~diagnostic~-a0abe915-b136-457a-9723-c74914389233]: FINISHING"}}
[debug] [2021-12-07T02:47:51.869Z] [worker-pool] Cleaned up workers for ~diagnostic~: 2 --> 1 {"metadata":{"emulator":{"name":"functions"},"message":"[worker-pool] Cleaned up workers for ~diagnostic~: 2 --> 1"}}
[debug] [2021-12-07T02:47:51.877Z] [worker-pool] addWorker(~diagnostic~) {"metadata":{"emulator":{"name":"functions"},"message":"[worker-pool] addWorker(~diagnostic~)"}}
[debug] [2021-12-07T02:47:51.878Z] [worker-pool] Adding worker with key ~diagnostic~, total=2 {"metadata":{"emulator":{"name":"functions"},"message":"[worker-pool] Adding worker with key ~diagnostic~, total=2"}}
[debug] [2021-12-07T02:47:51.878Z] [worker-pool] submitWork(triggerId=) {"metadata":{"emulator":{"name":"functions"},"message":"[worker-pool] submitWork(triggerId=)"}}
[debug] [2021-12-07T02:47:51.878Z] [worker-~diagnostic~-860d4c85-7bb6-4fef-8087-cc99aa557502]: Assigning socketPath: /var/folders/9h/lh6glrzd6694zjg6wjpdb5fh0000gn/T/fire_emu_71133.sock {"metadata":{"emulator":{"name":"functions"},"message":"[worker-~diagnostic~-860d4c85-7bb6-4fef-8087-cc99aa557502]: Assigning socketPath: /var/folders/9h/lh6glrzd6694zjg6wjpdb5fh0000gn/T/fire_emu_71133.sock"}}
[debug] [2021-12-07T02:47:51.878Z] [worker-~diagnostic~-860d4c85-7bb6-4fef-8087-cc99aa557502]: BUSY {"metadata":{"emulator":{"name":"functions"},"message":"[worker-~diagnostic~-860d4c85-7bb6-4fef-8087-cc99aa557502]: BUSY"}}
[debug] [2021-12-07T02:47:51.880Z] [worker-~diagnostic~-a0abe915-b136-457a-9723-c74914389233]: exited {"metadata":{"emulator":{"name":"functions"},"message":"[worker-~diagnostic~-a0abe915-b136-457a-9723-c74914389233]: exited"}}
[debug] [2021-12-07T02:47:51.880Z] [worker-~diagnostic~-a0abe915-b136-457a-9723-c74914389233]: FINISHED {"metadata":{"emulator":{"name":"functions"},"message":"[worker-~diagnostic~-a0abe915-b136-457a-9723-c74914389233]: FINISHED"}}
[debug] [2021-12-07T02:47:52.070Z] [runtime-status] [71133] Functions runtime initialized. {"cwd":"/Users/gwyniver.rhy/Development/code/React/bd-1-news/functions","node_version":"16.13.0"} {"metadata":{"emulator":{"name":"functions"},"message":"[runtime-status] [71133] Functions runtime initialized. {\"cwd\":\"/Users/gwyniver.rhy/Development/code/React/bd-1-news/functions\",\"node_version\":\"16.13.0\"}"}}
[debug] [2021-12-07T02:47:52.071Z] [runtime-status] [71133] Disabled runtime features: undefined {"metadata":{"emulator":{"name":"functions"},"message":"[runtime-status] [71133] Disabled runtime features: undefined"}}
[debug] [2021-12-07T02:47:52.071Z] [runtime-status] [71133] Resolved module firebase-admin {"declared":true,"installed":true,"version":"9.12.0","resolution":"/Users/gwyniver.rhy/Development/code/React/bd-1-news/functions/node_modules/firebase-admin/lib/index.js"} {"metadata":{"emulator":{"name":"functions"},"message":"[runtime-status] [71133] Resolved module firebase-admin {\"declared\":true,\"installed\":true,\"version\":\"9.12.0\",\"resolution\":\"/Users/gwyniver.rhy/Development/code/React/bd-1-news/functions/node_modules/firebase-admin/lib/index.js\"}"}}
[debug] [2021-12-07T02:47:52.073Z] [runtime-status] [71133] Resolved module firebase-functions {"declared":true,"installed":true,"version":"3.16.0","resolution":"/Users/gwyniver.rhy/Development/code/React/bd-1-news/functions/node_modules/firebase-functions/lib/index.js"} {"metadata":{"emulator":{"name":"functions"},"message":"[runtime-status] [71133] Resolved module firebase-functions {\"declared\":true,\"installed\":true,\"version\":\"3.16.0\",\"resolution\":\"/Users/gwyniver.rhy/Development/code/React/bd-1-news/functions/node_modules/firebase-functions/lib/index.js\"}"}}
[debug] [2021-12-07T02:47:52.074Z] [runtime-status] [71133] Outgoing network have been stubbed. [{"name":"http","status":"mocked"},{"name":"http","status":"mocked"},{"name":"https","status":"mocked"},{"name":"https","status":"mocked"},{"name":"net","status":"mocked"}] {"metadata":{"emulator":{"name":"functions"},"message":"[runtime-status] [71133] Outgoing network have been stubbed. [{\"name\":\"http\",\"status\":\"mocked\"},{\"name\":\"http\",\"status\":\"mocked\"},{\"name\":\"https\",\"status\":\"mocked\"},{\"name\":\"https\",\"status\":\"mocked\"},{\"name\":\"net\",\"status\":\"mocked\"}]"}}
[debug] [2021-12-07T02:47:52.075Z] [runtime-status] [71133] Resolved module firebase-functions {"declared":true,"installed":true,"version":"3.16.0","resolution":"/Users/gwyniver.rhy/Development/code/React/bd-1-news/functions/node_modules/firebase-functions/lib/index.js"} {"metadata":{"emulator":{"name":"functions"},"message":"[runtime-status] [71133] Resolved module firebase-functions {\"declared\":true,\"installed\":true,\"version\":\"3.16.0\",\"resolution\":\"/Users/gwyniver.rhy/Development/code/React/bd-1-news/functions/node_modules/firebase-functions/lib/index.js\"}"}}
[debug] [2021-12-07T02:47:52.101Z] [runtime-status] [71133] Checked functions.config() {"config":{}} {"metadata":{"emulator":{"name":"functions"},"message":"[runtime-status] [71133] Checked functions.config() {\"config\":{}}"}}
[debug] [2021-12-07T02:47:52.101Z] [runtime-status] [71133] firebase-functions has been stubbed. {"functionsResolution":{"declared":true,"installed":true,"version":"3.16.0","resolution":"/Users/gwyniver.rhy/Development/code/React/bd-1-news/functions/node_modules/firebase-functions/lib/index.js"}} {"metadata":{"emulator":{"name":"functions"},"message":"[runtime-status] [71133] firebase-functions has been stubbed. {\"functionsResolution\":{\"declared\":true,\"installed\":true,\"version\":\"3.16.0\",\"resolution\":\"/Users/gwyniver.rhy/Development/code/React/bd-1-news/functions/node_modules/firebase-functions/lib/index.js\"}}"}}
[debug] [2021-12-07T02:47:52.101Z] [runtime-status] [71133] Resolved module firebase-functions {"declared":true,"installed":true,"version":"3.16.0","resolution":"/Users/gwyniver.rhy/Development/code/React/bd-1-news/functions/node_modules/firebase-functions/lib/index.js"} {"metadata":{"emulator":{"name":"functions"},"message":"[runtime-status] [71133] Resolved module firebase-functions {\"declared\":true,\"installed\":true,\"version\":\"3.16.0\",\"resolution\":\"/Users/gwyniver.rhy/Development/code/React/bd-1-news/functions/node_modules/firebase-functions/lib/index.js\"}"}}
[debug] [2021-12-07T02:47:52.102Z] [runtime-status] [71133] Resolved module firebase-admin {"declared":true,"installed":true,"version":"9.12.0","resolution":"/Users/gwyniver.rhy/Development/code/React/bd-1-news/functions/node_modules/firebase-admin/lib/index.js"} {"metadata":{"emulator":{"name":"functions"},"message":"[runtime-status] [71133] Resolved module firebase-admin {\"declared\":true,\"installed\":true,\"version\":\"9.12.0\",\"resolution\":\"/Users/gwyniver.rhy/Development/code/React/bd-1-news/functions/node_modules/firebase-admin/lib/index.js\"}"}}
[debug] [2021-12-07T02:47:52.102Z] [runtime-status] [71133] Resolved module firebase-functions {"declared":true,"installed":true,"version":"3.16.0","resolution":"/Users/gwyniver.rhy/Development/code/React/bd-1-news/functions/node_modules/firebase-functions/lib/index.js"} {"metadata":{"emulator":{"name":"functions"},"message":"[runtime-status] [71133] Resolved module firebase-functions {\"declared\":true,\"installed\":true,\"version\":\"3.16.0\",\"resolution\":\"/Users/gwyniver.rhy/Development/code/React/bd-1-news/functions/node_modules/firebase-functions/lib/index.js\"}"}}
[debug] [2021-12-07T02:47:52.102Z] [runtime-status] [71133] firebase-admin has been stubbed. {"adminResolution":{"declared":true,"installed":true,"version":"9.12.0","resolution":"/Users/gwyniver.rhy/Development/code/React/bd-1-news/functions/node_modules/firebase-admin/lib/index.js"}} {"metadata":{"emulator":{"name":"functions"},"message":"[runtime-status] [71133] firebase-admin has been stubbed. {\"adminResolution\":{\"declared\":true,\"installed\":true,\"version\":\"9.12.0\",\"resolution\":\"/Users/gwyniver.rhy/Development/code/React/bd-1-news/functions/node_modules/firebase-admin/lib/index.js\"}}"}}
[debug] [2021-12-07T02:47:52.214Z] [worker-~diagnostic~-860d4c85-7bb6-4fef-8087-cc99aa557502]: IDLE {"metadata":{"emulator":{"name":"functions"},"message":"[worker-~diagnostic~-860d4c85-7bb6-4fef-8087-cc99aa557502]: IDLE"}}
